<?xml version="1.0" encoding="UTF-8"?>
<!-- Generated by org.testng.reporters.JUnitXMLReporter -->
<testsuite ignored="0" hostname="DESKTOP-VBIJIMM" failures="0" tests="1" name="Test" time="0.57" errors="0" timestamp="2024-12-30T15:26:07 PKT">
  <testcase classname="com.mystore.testcases.AddToCartPageTest" name="@BeforeMethod setup" time="-1.735554367802E9">
    <failure type="org.testng.TestNGException" message="
Parameter &amp;apos;browser&amp;apos; is required by BeforeMethod on method setup but has not been marked @Optional or defined
in E:\Eclipse\MyStoreProject\testng.xml">
      <![CDATA[org.testng.TestNGException: 
Parameter 'browser' is required by BeforeMethod on method setup but has not been marked @Optional or defined
in E:\Eclipse\MyStoreProject\testng.xml
at java.base/java.util.ArrayList.forEach(ArrayList.java:1597)
... Removed 28 stack frames]]>
    </failure>
  </testcase> <!-- @BeforeMethod setup -->
  <testcase classname="com.mystore.testcases.AddToCartPageTest" name="@AfterMethod addToCartTest" time="-1.735554367819E9">
    <skipped/>
  </testcase> <!-- @AfterMethod addToCartTest -->
  <testcase classname="com.mystore.testcases.AddToCartPageTest" name="addToCartTest" time="0.0">
    <skipped/>
  </testcase> <!-- addToCartTest -->
</testsuite> <!-- Test -->
